<?xml version="1.0" encoding="UTF-8"?>
<coverage generated="1671839548163" clover="3.2.0">
  <project timestamp="1671839548163" name="All files">
    <metrics statements="13" coveredstatements="13" conditionals="4" coveredconditionals="4" methods="6" coveredmethods="6" elements="23" coveredelements="23" complexity="0" loc="13" ncloc="13" packages="1" files="3" classes="3"/>
    <file name="task1.js" path="C:\Users\Patrick\OneDrive\Documents\unit-test-exercise\unit-test-exercise\task1.js">
      <metrics statements="4" coveredstatements="4" conditionals="4" coveredconditionals="4" methods="1" coveredmethods="1"/>
      <line num="2" count="2" type="cond" truecount="4" falsecount="0"/>
      <line num="3" count="1" type="stmt"/>
      <line num="5" count="1" type="stmt"/>
      <line num="9" count="1" type="stmt"/>
    </file>
    <file name="task2.js" path="C:\Users\Patrick\OneDrive\Documents\unit-test-exercise\unit-test-exercise\task2.js">
      <metrics statements="3" coveredstatements="3" conditionals="0" coveredconditionals="0" methods="1" coveredmethods="1"/>
      <line num="2" count="1" type="stmt"/>
      <line num="3" count="1" type="stmt"/>
      <line num="5" count="1" type="stmt"/>
    </file>
    <file name="task3.js" path="C:\Users\Patrick\OneDrive\Documents\unit-test-exercise\unit-test-exercise\task3.js">
      <metrics statements="6" coveredstatements="6" conditionals="0" coveredconditionals="0" methods="4" coveredmethods="4"/>
      <line num="1" count="1" type="stmt"/>
      <line num="3" count="1" type="stmt"/>
      <line num="6" count="1" type="stmt"/>
      <line num="9" count="1" type="stmt"/>
      <line num="12" count="1" type="stmt"/>
      <line num="15" count="1" type="stmt"/>
    </file>
  </project>
</coverage>
