{"C:\\Users\\Patrick\\OneDrive\\Documents\\unit-test-exercise\\unit-test-exercise\\task1.js": {"path":"C:\\Users\\Patrick\\OneDrive\\Documents\\unit-test-exercise\\unit-test-exercise\\task1.js","statementMap":{"0":{"start":{"line":2,"column":4},"end":{"line":5,"column":79}},"1":{"start":{"line":3,"column":8},"end":{"line":3,"column":23}},"2":{"start":{"line":5,"column":9},"end":{"line":5,"column":79}},"3":{"start":{"line":9,"column":0},"end":{"line":9,"column":30}}},"fnMap":{"0":{"name":"stringLength","decl":{"start":{"line":1,"column":9},"end":{"line":1,"column":21}},"loc":{"start":{"line":1,"column":24},"end":{"line":7,"column":1}},"line":1}},"branchMap":{"0":{"loc":{"start":{"line":2,"column":4},"end":{"line":5,"column":79}},"type":"if","locations":[{"start":{"line":2,"column":4},"end":{"line":5,"column":79}},{"start":{"line":5,"column":9},"end":{"line":5,"column":79}}],"line":2},"1":{"loc":{"start":{"line":2,"column":7},"end":{"line":2,"column":32}},"type":"binary-expr","locations":[{"start":{"line":2,"column":7},"end":{"line":2,"column":17}},{"start":{"line":2,"column":21},"end":{"line":2,"column":32}}],"line":2}},"s":{"0":2,"1":1,"2":1,"3":1},"f":{"0":2},"b":{"0":[1,1],"1":[2,1]},"_coverageSchema":"1a1c01bbd47fc00a2c39e90264f33305004495a9","hash":"de7e7d9574cc6b175e18efb7876bb6ac6ae71368"}
,"C:\\Users\\Patrick\\OneDrive\\Documents\\unit-test-exercise\\unit-test-exercise\\task2.js": {"path":"C:\\Users\\Patrick\\OneDrive\\Documents\\unit-test-exercise\\unit-test-exercise\\task2.js","statementMap":{"0":{"start":{"line":2,"column":19},"end":{"line":2,"column":49}},"1":{"start":{"line":3,"column":4},"end":{"line":3,"column":19}},"2":{"start":{"line":5,"column":0},"end":{"line":5,"column":31}}},"fnMap":{"0":{"name":"reverseString","decl":{"start":{"line":1,"column":9},"end":{"line":1,"column":22}},"loc":{"start":{"line":1,"column":25},"end":{"line":4,"column":1}},"line":1}},"branchMap":{},"s":{"0":1,"1":1,"2":1},"f":{"0":1},"b":{},"_coverageSchema":"1a1c01bbd47fc00a2c39e90264f33305004495a9","hash":"ea5c935d7bf1bb1eae44fdef3044dfe2c326247c"}
}
